<?xml version="1.0" encoding="UTF-8"?>
<!-- Generated by org.testng.reporters.JUnitReportReporter -->
<testsuite hostname="DESKTOP-J6JCCVE" name="scripts.ActiTimeLogin" tests="1" failures="0" timestamp="2 May 2019 07:19:23 GMT" time="43.460" errors="0">
  <testcase name="actiLogin" time="43.460" classname="scripts.ActiTimeLogin"/>
</testsuite> <!-- scripts.ActiTimeLogin -->
