<?xml version="1.0" encoding="UTF-8"?>
<!-- Generated by org.testng.reporters.JUnitReportReporter -->
<testsuite hostname="DESKTOP-J6JCCVE" name="scripts.TestInvalidLogin" tests="1" failures="0" timestamp="1 May 2019 13:12:45 GMT" time="8.704" errors="0">
  <testcase name="testInValidLogin" time="8.704" classname="scripts.TestInvalidLogin"/>
</testsuite> <!-- scripts.TestInvalidLogin -->
