<?xml version="1.0" encoding="UTF-8"?>
<!-- Generated by org.testng.reporters.JUnitReportReporter -->
<testsuite hostname="DESKTOP-J6JCCVE" name="scripts.TestValidLogin" tests="1" failures="0" timestamp="1 May 2019 13:12:45 GMT" time="19.903" errors="0">
  <testcase name="testValidLogin" time="19.903" classname="scripts.TestValidLogin"/>
</testsuite> <!-- scripts.TestValidLogin -->
